{
  "RSpec": {
    "coverage": {
      "/Users/hugosykes/Makers/final-project/example-websocket-app/spec/comms_operator_spec.rb": [
        1,
        null,
        1,
        null,
        1,
        null,
        null,
        null,
        null,
        null,
        8,
        null,
        2,
        2,
        2,
        null,
        1,
        null,
        1,
        7,
        null,
        null,
        null,
        null,
        null,
        null,
        1,
        1,
        1,
        null,
        null,
        1,
        1,
        null,
        null,
        1,
        1,
        null,
        null,
        1,
        1,
        4,
        4,
        null,
        null,
        1,
        1,
        1,
        null,
        null,
        1,
        1,
        1,
        null,
        null,
        1,
        1,
        1,
        null,
        null
      ],
      "/Users/hugosykes/Makers/final-project/example-websocket-app/middlewares/comms_operator.rb": [
        1,
        null,
        1,
        7,
        null,
        null,
        1,
        13,
        3,
        10,
        1,
        1,
        null,
        null,
        2,
        null,
        null,
        null,
        10,
        null,
        null,
        1,
        11,
        1,
        null,
        null,
        1,
        4,
        4,
        4,
        2,
        2,
        null,
        2,
        null,
        null,
        1,
        1,
        1,
        1,
        1,
        3,
        1,
        2,
        null,
        null,
        null,
        1,
        4,
        null,
        null
      ]
    },
    "timestamp": 1513081939
  }
}
