{
  "RSpec": {
    "coverage": {
      "/Users/hugosykes/Makers/final-project/example-websocket-app/spec/comms_operator_spec.rb": [
        1,
        null,
        1,
        1,
        null,
        null,
        null,
        null,
        6,
        1,
        null,
        1,
        1,
        1,
        null,
        null,
        1,
        1,
        null,
        null,
        1,
        1,
        null,
        null,
        1,
        1,
        null,
        null,
        1,
        4,
        null,
        null
      ],
      "/Users/hugosykes/Makers/final-project/example-websocket-app/middlewares/comms_operator.rb": [
        1,
        1,
        5,
        null,
        null,
        1,
        1,
        null,
        null,
        null,
        null,
        null,
        1,
        7,
        1,
        null,
        null,
        1,
        2,
        2,
        null,
        null
      ]
    },
    "timestamp": 1513026150
  }
}
